Test: initial election ...
  ... Passed
Test: election after network failure ...
  ... Passed
Test: basic agreement ...
  ... Passed
Test: agreement despite follower failure ...
  ... Passed
Test: no agreement if too many followers fail ...
  ... Passed
Test: concurrent Start()s ...
  ... Passed
Test: rejoin of partitioned leader ...
  ... Passed
Test: leader backs up quickly over incorrect follower logs ...
  ... Passed
Test: RPC counts aren't too high ...
  ... Passed
Test: basic persistence ...
exit status 2
FAIL	raft	38.261s
